<?xml version="1.0" encoding="utf-8"?><testsuites name="pytest tests"><testsuite name="pytest" errors="0" failures="0" skipped="0" tests="19" time="14.000" timestamp="2026-03-10T11:03:57.676192+00:00" hostname="agent-env-2ba571e5-f545-4ac4-9ca7-4da32c3beac7"><testcase classname="backend.tests.test_moltforge.TestAuth" name="test_auth_me_authenticated" time="0.214" /><testcase classname="backend.tests.test_moltforge.TestAuth" name="test_auth_me_unauthenticated" time="0.160" /><testcase classname="backend.tests.test_moltforge.TestAuth" name="test_register_new_user" time="0.382" /><testcase classname="backend.tests.test_moltforge.TestAuth" name="test_register_duplicate_email" time="0.119" /><testcase classname="backend.tests.test_moltforge.TestAuth" name="test_login_valid" time="0.698" /><testcase classname="backend.tests.test_moltforge.TestAuth" name="test_login_invalid" time="0.105" /><testcase classname="backend.tests.test_moltforge.TestWorkspaces" name="test_list_workspaces" time="0.111" /><testcase classname="backend.tests.test_moltforge.TestWorkspaces" name="test_create_workspace" time="0.180" /><testcase classname="backend.tests.test_moltforge.TestWorkspaces" name="test_get_workspace" time="0.138" /><testcase classname="backend.tests.test_moltforge.TestWorkspaces" name="test_list_jobs_for_workspace" time="0.103" /><testcase classname="backend.tests.test_moltforge.TestWorkspaces" name="test_get_job_status" time="0.128" /><testcase classname="backend.tests.test_moltforge.TestWorkspaces" name="test_wait_for_job_healthy" time="10.753" /><testcase classname="backend.tests.test_moltforge.TestWorkspaces" name="test_get_job_logs" time="0.123" /><testcase classname="backend.tests.test_moltforge.TestBilling" name="test_get_plans" time="0.121" /><testcase classname="backend.tests.test_moltforge.TestBilling" name="test_list_transactions" time="0.102" /><testcase classname="backend.tests.test_moltforge.TestAdmin" name="test_admin_stats" time="0.109" /><testcase classname="backend.tests.test_moltforge.TestAdmin" name="test_admin_audit" time="0.115" /><testcase classname="backend.tests.test_moltforge.TestAdmin" name="test_admin_users" time="0.107" /><testcase classname="backend.tests.test_moltforge.TestAdmin" name="test_health_check" time="0.114" /></testsuite></testsuites>